<?xml version="1.0" encoding="UTF-8"?>
<testng-results ignored="1" total="8" passed="7" failed="0" skipped="0">
  <reporter-output>
  </reporter-output>
  <suite started-at="2021-04-13T20:24:49 IST" name="Default suite" finished-at="2021-04-13T20:24:53 IST" duration-ms="3133">
    <groups>
    </groups>
    <test started-at="2021-04-13T20:24:49 IST" name="Default test" finished-at="2021-04-13T20:24:53 IST" duration-ms="3133">
      <class name="jiraAPI.JIRARestAPI">
        <test-method is-config="true" signature="setUp()[pri:0, instance:jiraAPI.JIRARestAPI@4b14c583]" started-at="2021-04-13T20:24:49 IST" name="setUp" finished-at="2021-04-13T20:24:51 IST" duration-ms="1984" status="PASS">
          <reporter-output>
          </reporter-output>
        </test-method> <!-- setUp -->
        <test-method signature="createIssue(java.lang.reflect.Method)[pri:0, instance:jiraAPI.JIRARestAPI@4b14c583]" started-at="2021-04-13T20:24:51 IST" name="createIssue" finished-at="2021-04-13T20:24:52 IST" duration-ms="556" status="PASS">
          <params>
            <param index="0">
              <value>
                <![CDATA[public void jiraAPI.JIRARestAPI.createIssue(java.lang.reflect.Method)]]>
              </value>
            </param>
          </params>
          <reporter-output>
          </reporter-output>
        </test-method> <!-- createIssue -->
        <test-method is-config="true" signature="cleanUp(org.testng.ITestResult)[pri:0, instance:jiraAPI.JIRARestAPI@4b14c583]" started-at="2021-04-13T20:24:52 IST" name="cleanUp" finished-at="2021-04-13T20:24:52 IST" duration-ms="32" status="PASS">
          <params>
            <param index="0">
              <value>
                <![CDATA[[TestResult name=createIssue status=SUCCESS method=JIRARestAPI.createIssue(java.lang.reflect.Method)[pri:0, instance:jiraAPI.JIRARestAPI@4b14c583] output={null}]]]>
              </value>
            </param>
          </params>
          <reporter-output>
          </reporter-output>
        </test-method> <!-- cleanUp -->
        <test-method signature="getIssue(java.lang.reflect.Method)[pri:1, instance:jiraAPI.JIRARestAPI@4b14c583]" started-at="2021-04-13T20:24:52 IST" name="getIssue" finished-at="2021-04-13T20:24:52 IST" duration-ms="44" status="PASS">
          <params>
            <param index="0">
              <value>
                <![CDATA[public void jiraAPI.JIRARestAPI.getIssue(java.lang.reflect.Method)]]>
              </value>
            </param>
          </params>
          <reporter-output>
          </reporter-output>
        </test-method> <!-- getIssue -->
        <test-method is-config="true" signature="cleanUp(org.testng.ITestResult)[pri:0, instance:jiraAPI.JIRARestAPI@4b14c583]" started-at="2021-04-13T20:24:52 IST" name="cleanUp" finished-at="2021-04-13T20:24:52 IST" duration-ms="32" status="PASS">
          <params>
            <param index="0">
              <value>
                <![CDATA[[TestResult name=getIssue status=SUCCESS method=JIRARestAPI.getIssue(java.lang.reflect.Method)[pri:1, instance:jiraAPI.JIRARestAPI@4b14c583] output={null}]]]>
              </value>
            </param>
          </params>
          <reporter-output>
          </reporter-output>
        </test-method> <!-- cleanUp -->
        <test-method signature="addAssignee(java.lang.reflect.Method)[pri:2, instance:jiraAPI.JIRARestAPI@4b14c583]" started-at="2021-04-13T20:24:52 IST" name="addAssignee" finished-at="2021-04-13T20:24:52 IST" duration-ms="47" status="PASS">
          <params>
            <param index="0">
              <value>
                <![CDATA[public void jiraAPI.JIRARestAPI.addAssignee(java.lang.reflect.Method)]]>
              </value>
            </param>
          </params>
          <reporter-output>
          </reporter-output>
        </test-method> <!-- addAssignee -->
        <test-method is-config="true" signature="cleanUp(org.testng.ITestResult)[pri:0, instance:jiraAPI.JIRARestAPI@4b14c583]" started-at="2021-04-13T20:24:52 IST" name="cleanUp" finished-at="2021-04-13T20:24:52 IST" duration-ms="29" status="PASS">
          <params>
            <param index="0">
              <value>
                <![CDATA[[TestResult name=addAssignee status=SUCCESS method=JIRARestAPI.addAssignee(java.lang.reflect.Method)[pri:2, instance:jiraAPI.JIRARestAPI@4b14c583] output={null}]]]>
              </value>
            </param>
          </params>
          <reporter-output>
          </reporter-output>
        </test-method> <!-- cleanUp -->
        <test-method signature="addComment(java.lang.reflect.Method)[pri:3, instance:jiraAPI.JIRARestAPI@4b14c583]" started-at="2021-04-13T20:24:52 IST" name="addComment" finished-at="2021-04-13T20:24:52 IST" duration-ms="63" status="PASS">
          <params>
            <param index="0">
              <value>
                <![CDATA[public void jiraAPI.JIRARestAPI.addComment(java.lang.reflect.Method)]]>
              </value>
            </param>
          </params>
          <reporter-output>
          </reporter-output>
        </test-method> <!-- addComment -->
        <test-method is-config="true" signature="cleanUp(org.testng.ITestResult)[pri:0, instance:jiraAPI.JIRARestAPI@4b14c583]" started-at="2021-04-13T20:24:52 IST" name="cleanUp" finished-at="2021-04-13T20:24:52 IST" duration-ms="20" status="PASS">
          <params>
            <param index="0">
              <value>
                <![CDATA[[TestResult name=addComment status=SUCCESS method=JIRARestAPI.addComment(java.lang.reflect.Method)[pri:3, instance:jiraAPI.JIRARestAPI@4b14c583] output={null}]]]>
              </value>
            </param>
          </params>
          <reporter-output>
          </reporter-output>
        </test-method> <!-- cleanUp -->
        <test-method signature="updateComment(java.lang.reflect.Method)[pri:4, instance:jiraAPI.JIRARestAPI@4b14c583]" started-at="2021-04-13T20:24:52 IST" name="updateComment" finished-at="2021-04-13T20:24:52 IST" duration-ms="50" status="PASS">
          <params>
            <param index="0">
              <value>
                <![CDATA[public void jiraAPI.JIRARestAPI.updateComment(java.lang.reflect.Method)]]>
              </value>
            </param>
          </params>
          <reporter-output>
          </reporter-output>
        </test-method> <!-- updateComment -->
        <test-method is-config="true" signature="cleanUp(org.testng.ITestResult)[pri:0, instance:jiraAPI.JIRARestAPI@4b14c583]" started-at="2021-04-13T20:24:52 IST" name="cleanUp" finished-at="2021-04-13T20:24:52 IST" duration-ms="30" status="PASS">
          <params>
            <param index="0">
              <value>
                <![CDATA[[TestResult name=updateComment status=SUCCESS method=JIRARestAPI.updateComment(java.lang.reflect.Method)[pri:4, instance:jiraAPI.JIRARestAPI@4b14c583] output={null}]]]>
              </value>
            </param>
          </params>
          <reporter-output>
          </reporter-output>
        </test-method> <!-- cleanUp -->
        <test-method signature="deleteComment(java.lang.reflect.Method)[pri:5, instance:jiraAPI.JIRARestAPI@4b14c583]" started-at="2021-04-13T20:24:52 IST" name="deleteComment" finished-at="2021-04-13T20:24:52 IST" duration-ms="47" status="PASS">
          <params>
            <param index="0">
              <value>
                <![CDATA[public void jiraAPI.JIRARestAPI.deleteComment(java.lang.reflect.Method)]]>
              </value>
            </param>
          </params>
          <reporter-output>
          </reporter-output>
        </test-method> <!-- deleteComment -->
        <test-method is-config="true" signature="cleanUp(org.testng.ITestResult)[pri:0, instance:jiraAPI.JIRARestAPI@4b14c583]" started-at="2021-04-13T20:24:52 IST" name="cleanUp" finished-at="2021-04-13T20:24:52 IST" duration-ms="28" status="PASS">
          <params>
            <param index="0">
              <value>
                <![CDATA[[TestResult name=deleteComment status=SUCCESS method=JIRARestAPI.deleteComment(java.lang.reflect.Method)[pri:5, instance:jiraAPI.JIRARestAPI@4b14c583] output={null}]]]>
              </value>
            </param>
          </params>
          <reporter-output>
          </reporter-output>
        </test-method> <!-- cleanUp -->
        <test-method signature="deleteIssue(java.lang.reflect.Method)[pri:6, instance:jiraAPI.JIRARestAPI@4b14c583]" started-at="2021-04-13T20:24:52 IST" name="deleteIssue" finished-at="2021-04-13T20:24:53 IST" duration-ms="94" status="PASS">
          <params>
            <param index="0">
              <value>
                <![CDATA[public void jiraAPI.JIRARestAPI.deleteIssue(java.lang.reflect.Method)]]>
              </value>
            </param>
          </params>
          <reporter-output>
          </reporter-output>
        </test-method> <!-- deleteIssue -->
        <test-method is-config="true" signature="cleanUp(org.testng.ITestResult)[pri:0, instance:jiraAPI.JIRARestAPI@4b14c583]" started-at="2021-04-13T20:24:53 IST" name="cleanUp" finished-at="2021-04-13T20:24:53 IST" duration-ms="39" status="PASS">
          <params>
            <param index="0">
              <value>
                <![CDATA[[TestResult name=deleteIssue status=SUCCESS method=JIRARestAPI.deleteIssue(java.lang.reflect.Method)[pri:6, instance:jiraAPI.JIRARestAPI@4b14c583] output={null}]]]>
              </value>
            </param>
          </params>
          <reporter-output>
          </reporter-output>
        </test-method> <!-- cleanUp -->
      </class> <!-- jiraAPI.JIRARestAPI -->
    </test> <!-- Default test -->
  </suite> <!-- Default suite -->
</testng-results>
