<?xml version="1.0" encoding="UTF-8"?>
<!-- Generated by org.testng.reporters.JUnitXMLReporter -->
<testsuite ignored="1" hostname="LAPTOP-M644PBGN" failures="0" tests="7" name="Default test" time="3.133" errors="0" timestamp="2021-04-13T20:24:53 IST">
  <testcase classname="jiraAPI.JIRARestAPI" name="createIssue" time="0.556"/>
  <testcase classname="jiraAPI.JIRARestAPI" name="getIssue" time="0.044"/>
  <testcase classname="jiraAPI.JIRARestAPI" name="addAssignee" time="0.047"/>
  <testcase classname="jiraAPI.JIRARestAPI" name="addComment" time="0.063"/>
  <testcase classname="jiraAPI.JIRARestAPI" name="updateComment" time="0.05"/>
  <testcase classname="jiraAPI.JIRARestAPI" name="deleteComment" time="0.047"/>
  <testcase classname="jiraAPI.JIRARestAPI" name="deleteIssue" time="0.094"/>
  <testcase classname="jiraAPI.JIRARestAPI" name="addAttachments" time="0.0">
    <ignored/>
  </testcase> <!-- addAttachments -->
</testsuite> <!-- Default test -->
